99.10.05 17:07 B c:\tmp\bsdsrc\bsd-sources\lib\libc\quad\adddi3.c <-- BSD /.vol/8/bsd-sources/lib/libc/quad adddi3.c
99.10.05 17:07 B c:\tmp\bsdsrc\bsd-sources\lib\libc\quad\anddi3.c <-- BSD /.vol/8/bsd-sources/lib/libc/quad anddi3.c
99.10.05 17:07 B c:\tmp\bsdsrc\bsd-sources\lib\libc\quad\ashldi3.c <-- BSD /.vol/8/bsd-sources/lib/libc/quad ashldi3.c
99.10.05 17:07 B c:\tmp\bsdsrc\bsd-sources\lib\libc\quad\ashrdi3.c <-- BSD /.vol/8/bsd-sources/lib/libc/quad ashrdi3.c
99.10.05 17:07 B c:\tmp\bsdsrc\bsd-sources\lib\libc\quad\cmpdi2.c <-- BSD /.vol/8/bsd-sources/lib/libc/quad cmpdi2.c
99.10.05 17:07 B c:\tmp\bsdsrc\bsd-sources\lib\libc\quad\divdi3.c <-- BSD /.vol/8/bsd-sources/lib/libc/quad divdi3.c
99.10.05 17:07 B c:\tmp\bsdsrc\bsd-sources\lib\libc\quad\fixdfdi.c <-- BSD /.vol/8/bsd-sources/lib/libc/quad fixdfdi.c
99.10.05 17:07 B c:\tmp\bsdsrc\bsd-sources\lib\libc\quad\fixsfdi.c <-- BSD /.vol/8/bsd-sources/lib/libc/quad fixsfdi.c
99.10.05 17:07 B c:\tmp\bsdsrc\bsd-sources\lib\libc\quad\fixunsdfdi.c <-- BSD /.vol/8/bsd-sources/lib/libc/quad fixunsdfdi.c
99.10.05 17:07 B c:\tmp\bsdsrc\bsd-sources\lib\libc\quad\fixunssfdi.c <-- BSD /.vol/8/bsd-sources/lib/libc/quad fixunssfdi.c
99.10.05 17:07 B c:\tmp\bsdsrc\bsd-sources\lib\libc\quad\floatdidf.c <-- BSD /.vol/8/bsd-sources/lib/libc/quad floatdidf.c
99.10.05 17:07 B c:\tmp\bsdsrc\bsd-sources\lib\libc\quad\floatdisf.c <-- BSD /.vol/8/bsd-sources/lib/libc/quad floatdisf.c
99.10.05 17:07 B c:\tmp\bsdsrc\bsd-sources\lib\libc\quad\floatunsdidf.c <-- BSD /.vol/8/bsd-sources/lib/libc/quad floatunsdidf.c
99.10.05 17:07 B c:\tmp\bsdsrc\bsd-sources\lib\libc\quad\iordi3.c <-- BSD /.vol/8/bsd-sources/lib/libc/quad iordi3.c
99.10.05 17:07 B c:\tmp\bsdsrc\bsd-sources\lib\libc\quad\lshldi3.c <-- BSD /.vol/8/bsd-sources/lib/libc/quad lshldi3.c
99.10.05 17:07 B c:\tmp\bsdsrc\bsd-sources\lib\libc\quad\lshrdi3.c <-- BSD /.vol/8/bsd-sources/lib/libc/quad lshrdi3.c
99.10.05 17:07 B c:\tmp\bsdsrc\bsd-sources\lib\libc\quad\Makefile.inc <-- BSD /.vol/8/bsd-sources/lib/libc/quad Makefile.inc
99.10.05 17:07 B c:\tmp\bsdsrc\bsd-sources\lib\libc\quad\moddi3.c <-- BSD /.vol/8/bsd-sources/lib/libc/quad moddi3.c
99.10.05 17:07 B c:\tmp\bsdsrc\bsd-sources\lib\libc\quad\muldi3.c <-- BSD /.vol/8/bsd-sources/lib/libc/quad muldi3.c
99.10.05 17:07 B c:\tmp\bsdsrc\bsd-sources\lib\libc\quad\negdi2.c <-- BSD /.vol/8/bsd-sources/lib/libc/quad negdi2.c
99.10.05 17:08 B c:\tmp\bsdsrc\bsd-sources\lib\libc\quad\notdi2.c <-- BSD /.vol/8/bsd-sources/lib/libc/quad notdi2.c
99.10.05 17:08 B c:\tmp\bsdsrc\bsd-sources\lib\libc\quad\qdivrem.c <-- BSD /.vol/8/bsd-sources/lib/libc/quad qdivrem.c
99.10.05 17:08 B c:\tmp\bsdsrc\bsd-sources\lib\libc\quad\quad.h <-- BSD /.vol/8/bsd-sources/lib/libc/quad quad.h
99.10.05 17:08 B c:\tmp\bsdsrc\bsd-sources\lib\libc\quad\subdi3.c <-- BSD /.vol/8/bsd-sources/lib/libc/quad subdi3.c
99.10.05 17:08 B c:\tmp\bsdsrc\bsd-sources\lib\libc\quad\ucmpdi2.c <-- BSD /.vol/8/bsd-sources/lib/libc/quad ucmpdi2.c
99.10.05 17:08 B c:\tmp\bsdsrc\bsd-sources\lib\libc\quad\udivdi3.c <-- BSD /.vol/8/bsd-sources/lib/libc/quad udivdi3.c
99.10.05 17:08 B c:\tmp\bsdsrc\bsd-sources\lib\libc\quad\umoddi3.c <-- BSD /.vol/8/bsd-sources/lib/libc/quad umoddi3.c
99.10.05 17:08 B c:\tmp\bsdsrc\bsd-sources\lib\libc\quad\xordi3.c <-- BSD /.vol/8/bsd-sources/lib/libc/quad xordi3.c
