99.10.05 17:10 B c:\tmp\bsdsrc\bsd-sources\lib\libc\string\bcmp.3.Z <-- BSD /.vol/8/bsd-sources/lib/libc/string bcmp.3.Z
99.10.05 17:10 B c:\tmp\bsdsrc\bsd-sources\lib\libc\string\bcmp.c.Z <-- BSD /.vol/8/bsd-sources/lib/libc/string bcmp.c.Z
99.10.05 17:11 B c:\tmp\bsdsrc\bsd-sources\lib\libc\string\bcopy.3.Z <-- BSD /.vol/8/bsd-sources/lib/libc/string bcopy.3.Z
99.10.05 17:11 B c:\tmp\bsdsrc\bsd-sources\lib\libc\string\bcopy.c.Z <-- BSD /.vol/8/bsd-sources/lib/libc/string bcopy.c.Z
99.10.05 17:11 B c:\tmp\bsdsrc\bsd-sources\lib\libc\string\bstring.3.Z <-- BSD /.vol/8/bsd-sources/lib/libc/string bstring.3.Z
99.10.05 17:11 B c:\tmp\bsdsrc\bsd-sources\lib\libc\string\bzero.3.Z <-- BSD /.vol/8/bsd-sources/lib/libc/string bzero.3.Z
99.10.05 17:11 B c:\tmp\bsdsrc\bsd-sources\lib\libc\string\bzero.c.Z <-- BSD /.vol/8/bsd-sources/lib/libc/string bzero.c.Z
99.10.05 17:11 B c:\tmp\bsdsrc\bsd-sources\lib\libc\string\ffs.3.Z <-- BSD /.vol/8/bsd-sources/lib/libc/string ffs.3.Z
99.10.05 17:11 B c:\tmp\bsdsrc\bsd-sources\lib\libc\string\ffs.c.Z <-- BSD /.vol/8/bsd-sources/lib/libc/string ffs.c.Z
99.10.05 17:11 B c:\tmp\bsdsrc\bsd-sources\lib\libc\string\index.3.Z <-- BSD /.vol/8/bsd-sources/lib/libc/string index.3.Z
99.10.05 17:11 B c:\tmp\bsdsrc\bsd-sources\lib\libc\string\index.c.Z <-- BSD /.vol/8/bsd-sources/lib/libc/string index.c.Z
99.10.05 17:11 B c:\tmp\bsdsrc\bsd-sources\lib\libc\string\Makefile.inc.Z <-- BSD /.vol/8/bsd-sources/lib/libc/string Makefile.inc.Z
99.10.05 17:11 B c:\tmp\bsdsrc\bsd-sources\lib\libc\string\memccpy.3.Z <-- BSD /.vol/8/bsd-sources/lib/libc/string memccpy.3.Z
99.10.05 17:11 B c:\tmp\bsdsrc\bsd-sources\lib\libc\string\memccpy.c.Z <-- BSD /.vol/8/bsd-sources/lib/libc/string memccpy.c.Z
99.10.05 17:11 B c:\tmp\bsdsrc\bsd-sources\lib\libc\string\memchr.3.Z <-- BSD /.vol/8/bsd-sources/lib/libc/string memchr.3.Z
99.10.05 17:11 B c:\tmp\bsdsrc\bsd-sources\lib\libc\string\memchr.c.Z <-- BSD /.vol/8/bsd-sources/lib/libc/string memchr.c.Z
99.10.05 17:11 B c:\tmp\bsdsrc\bsd-sources\lib\libc\string\memcmp.3.Z <-- BSD /.vol/8/bsd-sources/lib/libc/string memcmp.3.Z
99.10.05 17:11 B c:\tmp\bsdsrc\bsd-sources\lib\libc\string\memcmp.c.Z <-- BSD /.vol/8/bsd-sources/lib/libc/string memcmp.c.Z
99.10.05 17:11 B c:\tmp\bsdsrc\bsd-sources\lib\libc\string\memcpy.3.Z <-- BSD /.vol/8/bsd-sources/lib/libc/string memcpy.3.Z
99.10.05 17:11 B c:\tmp\bsdsrc\bsd-sources\lib\libc\string\memmove.3.Z <-- BSD /.vol/8/bsd-sources/lib/libc/string memmove.3.Z
99.10.05 17:11 B c:\tmp\bsdsrc\bsd-sources\lib\libc\string\memset.3.Z <-- BSD /.vol/8/bsd-sources/lib/libc/string memset.3.Z
99.10.05 17:11 B c:\tmp\bsdsrc\bsd-sources\lib\libc\string\memset.c.Z <-- BSD /.vol/8/bsd-sources/lib/libc/string memset.c.Z
99.10.05 17:11 B c:\tmp\bsdsrc\bsd-sources\lib\libc\string\rindex.3.Z <-- BSD /.vol/8/bsd-sources/lib/libc/string rindex.3.Z
99.10.05 17:11 B c:\tmp\bsdsrc\bsd-sources\lib\libc\string\rindex.c.Z <-- BSD /.vol/8/bsd-sources/lib/libc/string rindex.c.Z
99.10.05 17:11 B c:\tmp\bsdsrc\bsd-sources\lib\libc\string\strcasecmp.3.Z <-- BSD /.vol/8/bsd-sources/lib/libc/string strcasecmp.3.Z
99.10.05 17:11 B c:\tmp\bsdsrc\bsd-sources\lib\libc\string\strcasecmp.c.Z <-- BSD /.vol/8/bsd-sources/lib/libc/string strcasecmp.c.Z
99.10.05 17:11 B c:\tmp\bsdsrc\bsd-sources\lib\libc\string\strcat.3.Z <-- BSD /.vol/8/bsd-sources/lib/libc/string strcat.3.Z
99.10.05 17:11 B c:\tmp\bsdsrc\bsd-sources\lib\libc\string\strcat.c.Z <-- BSD /.vol/8/bsd-sources/lib/libc/string strcat.c.Z
99.10.05 17:11 B c:\tmp\bsdsrc\bsd-sources\lib\libc\string\strchr.3.Z <-- BSD /.vol/8/bsd-sources/lib/libc/string strchr.3.Z
99.10.05 17:11 B c:\tmp\bsdsrc\bsd-sources\lib\libc\string\strcmp.3.Z <-- BSD /.vol/8/bsd-sources/lib/libc/string strcmp.3.Z
99.10.05 17:11 B c:\tmp\bsdsrc\bsd-sources\lib\libc\string\strcmp.c.Z <-- BSD /.vol/8/bsd-sources/lib/libc/string strcmp.c.Z
99.10.05 17:11 B c:\tmp\bsdsrc\bsd-sources\lib\libc\string\strcoll.3.Z <-- BSD /.vol/8/bsd-sources/lib/libc/string strcoll.3.Z
99.10.05 17:11 B c:\tmp\bsdsrc\bsd-sources\lib\libc\string\strcoll.c.Z <-- BSD /.vol/8/bsd-sources/lib/libc/string strcoll.c.Z
99.10.05 17:11 B c:\tmp\bsdsrc\bsd-sources\lib\libc\string\strcpy.3.Z <-- BSD /.vol/8/bsd-sources/lib/libc/string strcpy.3.Z
99.10.05 17:11 B c:\tmp\bsdsrc\bsd-sources\lib\libc\string\strcpy.c.Z <-- BSD /.vol/8/bsd-sources/lib/libc/string strcpy.c.Z
99.10.05 17:11 B c:\tmp\bsdsrc\bsd-sources\lib\libc\string\strcspn.3.Z <-- BSD /.vol/8/bsd-sources/lib/libc/string strcspn.3.Z
99.10.05 17:11 B c:\tmp\bsdsrc\bsd-sources\lib\libc\string\strcspn.c.Z <-- BSD /.vol/8/bsd-sources/lib/libc/string strcspn.c.Z
99.10.05 17:11 B c:\tmp\bsdsrc\bsd-sources\lib\libc\string\strdup.3.Z <-- BSD /.vol/8/bsd-sources/lib/libc/string strdup.3.Z
99.10.05 17:11 B c:\tmp\bsdsrc\bsd-sources\lib\libc\string\strdup.c.Z <-- BSD /.vol/8/bsd-sources/lib/libc/string strdup.c.Z
99.10.05 17:11 B c:\tmp\bsdsrc\bsd-sources\lib\libc\string\strftime.3.Z <-- BSD /.vol/8/bsd-sources/lib/libc/string strftime.3.Z
99.10.05 17:11 B c:\tmp\bsdsrc\bsd-sources\lib\libc\string\strftime.c.Z <-- BSD /.vol/8/bsd-sources/lib/libc/string strftime.c.Z
99.10.05 17:11 B c:\tmp\bsdsrc\bsd-sources\lib\libc\string\string.3.Z <-- BSD /.vol/8/bsd-sources/lib/libc/string string.3.Z
99.10.05 17:11 B c:\tmp\bsdsrc\bsd-sources\lib\libc\string\strlen.3.Z <-- BSD /.vol/8/bsd-sources/lib/libc/string strlen.3.Z
99.10.05 17:11 B c:\tmp\bsdsrc\bsd-sources\lib\libc\string\strlen.c.Z <-- BSD /.vol/8/bsd-sources/lib/libc/string strlen.c.Z
99.10.05 17:11 B c:\tmp\bsdsrc\bsd-sources\lib\libc\string\strmode.3.Z <-- BSD /.vol/8/bsd-sources/lib/libc/string strmode.3.Z
99.10.05 17:11 B c:\tmp\bsdsrc\bsd-sources\lib\libc\string\strmode.c.Z <-- BSD /.vol/8/bsd-sources/lib/libc/string strmode.c.Z
99.10.05 17:11 B c:\tmp\bsdsrc\bsd-sources\lib\libc\string\strncat.c.Z <-- BSD /.vol/8/bsd-sources/lib/libc/string strncat.c.Z
99.10.05 17:11 B c:\tmp\bsdsrc\bsd-sources\lib\libc\string\strncmp.c.Z <-- BSD /.vol/8/bsd-sources/lib/libc/string strncmp.c.Z
99.10.05 17:11 B c:\tmp\bsdsrc\bsd-sources\lib\libc\string\strncpy.c.Z <-- BSD /.vol/8/bsd-sources/lib/libc/string strncpy.c.Z
99.10.05 17:11 B c:\tmp\bsdsrc\bsd-sources\lib\libc\string\strpbrk.3.Z <-- BSD /.vol/8/bsd-sources/lib/libc/string strpbrk.3.Z
99.10.05 17:11 B c:\tmp\bsdsrc\bsd-sources\lib\libc\string\strpbrk.c.Z <-- BSD /.vol/8/bsd-sources/lib/libc/string strpbrk.c.Z
99.10.05 17:11 B c:\tmp\bsdsrc\bsd-sources\lib\libc\string\strrchr.3.Z <-- BSD /.vol/8/bsd-sources/lib/libc/string strrchr.3.Z
99.10.05 17:11 B c:\tmp\bsdsrc\bsd-sources\lib\libc\string\strsep.3.Z <-- BSD /.vol/8/bsd-sources/lib/libc/string strsep.3.Z
99.10.05 17:11 B c:\tmp\bsdsrc\bsd-sources\lib\libc\string\strsep.c.Z <-- BSD /.vol/8/bsd-sources/lib/libc/string strsep.c.Z
99.10.05 17:11 B c:\tmp\bsdsrc\bsd-sources\lib\libc\string\strspn.3.Z <-- BSD /.vol/8/bsd-sources/lib/libc/string strspn.3.Z
99.10.05 17:12 B c:\tmp\bsdsrc\bsd-sources\lib\libc\string\strspn.c.Z <-- BSD /.vol/8/bsd-sources/lib/libc/string strspn.c.Z
99.10.05 17:12 B c:\tmp\bsdsrc\bsd-sources\lib\libc\string\strstr.3.Z <-- BSD /.vol/8/bsd-sources/lib/libc/string strstr.3.Z
99.10.05 17:12 B c:\tmp\bsdsrc\bsd-sources\lib\libc\string\strstr.c.Z <-- BSD /.vol/8/bsd-sources/lib/libc/string strstr.c.Z
99.10.05 17:12 B c:\tmp\bsdsrc\bsd-sources\lib\libc\string\strtok.3.Z <-- BSD /.vol/8/bsd-sources/lib/libc/string strtok.3.Z
99.10.05 17:12 B c:\tmp\bsdsrc\bsd-sources\lib\libc\string\strtok.c.Z <-- BSD /.vol/8/bsd-sources/lib/libc/string strtok.c.Z
99.10.05 17:12 B c:\tmp\bsdsrc\bsd-sources\lib\libc\string\strxfrm.3.Z <-- BSD /.vol/8/bsd-sources/lib/libc/string strxfrm.3.Z
99.10.05 17:12 B c:\tmp\bsdsrc\bsd-sources\lib\libc\string\strxfrm.c.Z <-- BSD /.vol/8/bsd-sources/lib/libc/string strxfrm.c.Z
99.10.05 17:12 B c:\tmp\bsdsrc\bsd-sources\lib\libc\string\swab.3.Z <-- BSD /.vol/8/bsd-sources/lib/libc/string swab.3.Z
99.10.05 17:12 B c:\tmp\bsdsrc\bsd-sources\lib\libc\string\swab.c.Z <-- BSD /.vol/8/bsd-sources/lib/libc/string swab.c.Z
