99.10.05 17:30 B c:\tmp\bsdsrc\bsd-sources\lib\libm\common_source\acos.3.Z <-- BSD /.vol/8/bsd-sources/lib/libm/common_source acos.3.Z
99.10.05 17:30 B c:\tmp\bsdsrc\bsd-sources\lib\libm\common_source\acosh.3.Z <-- BSD /.vol/8/bsd-sources/lib/libm/common_source acosh.3.Z
99.10.05 17:30 B c:\tmp\bsdsrc\bsd-sources\lib\libm\common_source\acosh.c.Z <-- BSD /.vol/8/bsd-sources/lib/libm/common_source acosh.c.Z
99.10.05 17:30 B c:\tmp\bsdsrc\bsd-sources\lib\libm\common_source\asin.3.Z <-- BSD /.vol/8/bsd-sources/lib/libm/common_source asin.3.Z
99.10.05 17:30 B c:\tmp\bsdsrc\bsd-sources\lib\libm\common_source\asincos.c.Z <-- BSD /.vol/8/bsd-sources/lib/libm/common_source asincos.c.Z
99.10.05 17:30 B c:\tmp\bsdsrc\bsd-sources\lib\libm\common_source\asinh.3.Z <-- BSD /.vol/8/bsd-sources/lib/libm/common_source asinh.3.Z
99.10.05 17:30 B c:\tmp\bsdsrc\bsd-sources\lib\libm\common_source\asinh.c.Z <-- BSD /.vol/8/bsd-sources/lib/libm/common_source asinh.c.Z
99.10.05 17:30 B c:\tmp\bsdsrc\bsd-sources\lib\libm\common_source\atan.3.Z <-- BSD /.vol/8/bsd-sources/lib/libm/common_source atan.3.Z
99.10.05 17:30 B c:\tmp\bsdsrc\bsd-sources\lib\libm\common_source\atan.c.Z <-- BSD /.vol/8/bsd-sources/lib/libm/common_source atan.c.Z
99.10.05 17:30 B c:\tmp\bsdsrc\bsd-sources\lib\libm\common_source\atan2.3.Z <-- BSD /.vol/8/bsd-sources/lib/libm/common_source atan2.3.Z
99.10.05 17:30 B c:\tmp\bsdsrc\bsd-sources\lib\libm\common_source\atanh.3.Z <-- BSD /.vol/8/bsd-sources/lib/libm/common_source atanh.3.Z
99.10.05 17:30 B c:\tmp\bsdsrc\bsd-sources\lib\libm\common_source\atanh.c.Z <-- BSD /.vol/8/bsd-sources/lib/libm/common_source atanh.c.Z
99.10.05 17:30 B c:\tmp\bsdsrc\bsd-sources\lib\libm\common_source\ceil.3.Z <-- BSD /.vol/8/bsd-sources/lib/libm/common_source ceil.3.Z
99.10.05 17:30 B c:\tmp\bsdsrc\bsd-sources\lib\libm\common_source\cos.3.Z <-- BSD /.vol/8/bsd-sources/lib/libm/common_source cos.3.Z
99.10.05 17:30 B c:\tmp\bsdsrc\bsd-sources\lib\libm\common_source\cosh.3.Z <-- BSD /.vol/8/bsd-sources/lib/libm/common_source cosh.3.Z
99.10.05 17:30 B c:\tmp\bsdsrc\bsd-sources\lib\libm\common_source\cosh.c.Z <-- BSD /.vol/8/bsd-sources/lib/libm/common_source cosh.c.Z
99.10.05 17:30 B c:\tmp\bsdsrc\bsd-sources\lib\libm\common_source\erf.3.Z <-- BSD /.vol/8/bsd-sources/lib/libm/common_source erf.3.Z
99.10.05 17:30 B c:\tmp\bsdsrc\bsd-sources\lib\libm\common_source\erf.c.Z <-- BSD /.vol/8/bsd-sources/lib/libm/common_source erf.c.Z
99.10.05 17:30 B c:\tmp\bsdsrc\bsd-sources\lib\libm\common_source\exp.3.Z <-- BSD /.vol/8/bsd-sources/lib/libm/common_source exp.3.Z
99.10.05 17:30 B c:\tmp\bsdsrc\bsd-sources\lib\libm\common_source\exp.c.Z <-- BSD /.vol/8/bsd-sources/lib/libm/common_source exp.c.Z
99.10.05 17:30 B c:\tmp\bsdsrc\bsd-sources\lib\libm\common_source\exp__E.c.Z <-- BSD /.vol/8/bsd-sources/lib/libm/common_source exp__E.c.Z
99.10.05 17:30 B c:\tmp\bsdsrc\bsd-sources\lib\libm\common_source\expm1.c.Z <-- BSD /.vol/8/bsd-sources/lib/libm/common_source expm1.c.Z
99.10.05 17:30 B c:\tmp\bsdsrc\bsd-sources\lib\libm\common_source\fabs.3.Z <-- BSD /.vol/8/bsd-sources/lib/libm/common_source fabs.3.Z
99.10.05 17:30 B c:\tmp\bsdsrc\bsd-sources\lib\libm\common_source\floor.3.Z <-- BSD /.vol/8/bsd-sources/lib/libm/common_source floor.3.Z
99.10.05 17:30 B c:\tmp\bsdsrc\bsd-sources\lib\libm\common_source\floor.c.Z <-- BSD /.vol/8/bsd-sources/lib/libm/common_source floor.c.Z
99.10.05 17:30 B c:\tmp\bsdsrc\bsd-sources\lib\libm\common_source\fmod.3.Z <-- BSD /.vol/8/bsd-sources/lib/libm/common_source fmod.3.Z
99.10.05 17:30 B c:\tmp\bsdsrc\bsd-sources\lib\libm\common_source\fmod.c.Z <-- BSD /.vol/8/bsd-sources/lib/libm/common_source fmod.c.Z
99.10.05 17:30 B c:\tmp\bsdsrc\bsd-sources\lib\libm\common_source\gamma.c.Z <-- BSD /.vol/8/bsd-sources/lib/libm/common_source gamma.c.Z
99.10.05 17:30 B c:\tmp\bsdsrc\bsd-sources\lib\libm\common_source\hypot.3.Z <-- BSD /.vol/8/bsd-sources/lib/libm/common_source hypot.3.Z
99.10.05 17:30 B c:\tmp\bsdsrc\bsd-sources\lib\libm\common_source\ieee.3.Z <-- BSD /.vol/8/bsd-sources/lib/libm/common_source ieee.3.Z
99.10.05 17:30 B c:\tmp\bsdsrc\bsd-sources\lib\libm\common_source\infnan.3.Z <-- BSD /.vol/8/bsd-sources/lib/libm/common_source infnan.3.Z
99.10.05 17:30 B c:\tmp\bsdsrc\bsd-sources\lib\libm\common_source\j0.3.Z <-- BSD /.vol/8/bsd-sources/lib/libm/common_source j0.3.Z
99.10.05 17:31 B c:\tmp\bsdsrc\bsd-sources\lib\libm\common_source\j0.c.Z <-- BSD /.vol/8/bsd-sources/lib/libm/common_source j0.c.Z
99.10.05 17:31 B c:\tmp\bsdsrc\bsd-sources\lib\libm\common_source\j1.c.Z <-- BSD /.vol/8/bsd-sources/lib/libm/common_source j1.c.Z
99.10.05 17:31 B c:\tmp\bsdsrc\bsd-sources\lib\libm\common_source\jn.c.Z <-- BSD /.vol/8/bsd-sources/lib/libm/common_source jn.c.Z
99.10.05 17:31 B c:\tmp\bsdsrc\bsd-sources\lib\libm\common_source\lgamma.3.Z <-- BSD /.vol/8/bsd-sources/lib/libm/common_source lgamma.3.Z
99.10.05 17:31 B c:\tmp\bsdsrc\bsd-sources\lib\libm\common_source\lgamma.c.Z <-- BSD /.vol/8/bsd-sources/lib/libm/common_source lgamma.c.Z
99.10.05 17:31 B c:\tmp\bsdsrc\bsd-sources\lib\libm\common_source\log.c.Z <-- BSD /.vol/8/bsd-sources/lib/libm/common_source log.c.Z
99.10.05 17:31 B c:\tmp\bsdsrc\bsd-sources\lib\libm\common_source\log10.c.Z <-- BSD /.vol/8/bsd-sources/lib/libm/common_source log10.c.Z
99.10.05 17:31 B c:\tmp\bsdsrc\bsd-sources\lib\libm\common_source\log1p.c.Z <-- BSD /.vol/8/bsd-sources/lib/libm/common_source log1p.c.Z
99.10.05 17:31 B c:\tmp\bsdsrc\bsd-sources\lib\libm\common_source\log__L.c.Z <-- BSD /.vol/8/bsd-sources/lib/libm/common_source log__L.c.Z
99.10.05 17:31 B c:\tmp\bsdsrc\bsd-sources\lib\libm\common_source\math.3.Z <-- BSD /.vol/8/bsd-sources/lib/libm/common_source math.3.Z
99.10.05 17:31 B c:\tmp\bsdsrc\bsd-sources\lib\libm\common_source\mathimpl.h.Z <-- BSD /.vol/8/bsd-sources/lib/libm/common_source mathimpl.h.Z
99.10.05 17:31 B c:\tmp\bsdsrc\bsd-sources\lib\libm\common_source\pow.c.Z <-- BSD /.vol/8/bsd-sources/lib/libm/common_source pow.c.Z
99.10.05 17:31 B c:\tmp\bsdsrc\bsd-sources\lib\libm\common_source\rint.3.Z <-- BSD /.vol/8/bsd-sources/lib/libm/common_source rint.3.Z
99.10.05 17:31 B c:\tmp\bsdsrc\bsd-sources\lib\libm\common_source\sin.3.Z <-- BSD /.vol/8/bsd-sources/lib/libm/common_source sin.3.Z
99.10.05 17:31 B c:\tmp\bsdsrc\bsd-sources\lib\libm\common_source\sinh.3.Z <-- BSD /.vol/8/bsd-sources/lib/libm/common_source sinh.3.Z
99.10.05 17:31 B c:\tmp\bsdsrc\bsd-sources\lib\libm\common_source\sinh.c.Z <-- BSD /.vol/8/bsd-sources/lib/libm/common_source sinh.c.Z
99.10.05 17:31 B c:\tmp\bsdsrc\bsd-sources\lib\libm\common_source\sqrt.3.Z <-- BSD /.vol/8/bsd-sources/lib/libm/common_source sqrt.3.Z
99.10.05 17:31 B c:\tmp\bsdsrc\bsd-sources\lib\libm\common_source\tan.3.Z <-- BSD /.vol/8/bsd-sources/lib/libm/common_source tan.3.Z
99.10.05 17:31 B c:\tmp\bsdsrc\bsd-sources\lib\libm\common_source\tanh.3.Z <-- BSD /.vol/8/bsd-sources/lib/libm/common_source tanh.3.Z
99.10.05 17:31 B c:\tmp\bsdsrc\bsd-sources\lib\libm\common_source\tanh.c.Z <-- BSD /.vol/8/bsd-sources/lib/libm/common_source tanh.c.Z
