99.10.05 17:12 B c:\tmp\bsdsrc\bsd-sources\lib\libc\sys\_exit.2.Z <-- BSD /.vol/8/bsd-sources/lib/libc/sys _exit.2.Z
99.10.05 17:12 B c:\tmp\bsdsrc\bsd-sources\lib\libc\sys\accept.2.Z <-- BSD /.vol/8/bsd-sources/lib/libc/sys accept.2.Z
99.10.05 17:12 B c:\tmp\bsdsrc\bsd-sources\lib\libc\sys\access.2.Z <-- BSD /.vol/8/bsd-sources/lib/libc/sys access.2.Z
99.10.05 17:12 B c:\tmp\bsdsrc\bsd-sources\lib\libc\sys\acct.2.Z <-- BSD /.vol/8/bsd-sources/lib/libc/sys acct.2.Z
99.10.05 17:12 B c:\tmp\bsdsrc\bsd-sources\lib\libc\sys\adjtime.2.Z <-- BSD /.vol/8/bsd-sources/lib/libc/sys adjtime.2.Z
99.10.05 17:12 B c:\tmp\bsdsrc\bsd-sources\lib\libc\sys\async_daemon.2.Z <-- BSD /.vol/8/bsd-sources/lib/libc/sys async_daemon.2.Z
99.10.05 17:12 B c:\tmp\bsdsrc\bsd-sources\lib\libc\sys\bind.2.Z <-- BSD /.vol/8/bsd-sources/lib/libc/sys bind.2.Z
99.10.05 17:12 B c:\tmp\bsdsrc\bsd-sources\lib\libc\sys\brk.2.Z <-- BSD /.vol/8/bsd-sources/lib/libc/sys brk.2.Z
99.10.05 17:12 B c:\tmp\bsdsrc\bsd-sources\lib\libc\sys\chdir.2.Z <-- BSD /.vol/8/bsd-sources/lib/libc/sys chdir.2.Z
99.10.05 17:12 B c:\tmp\bsdsrc\bsd-sources\lib\libc\sys\chflags.2.Z <-- BSD /.vol/8/bsd-sources/lib/libc/sys chflags.2.Z
99.10.05 17:12 B c:\tmp\bsdsrc\bsd-sources\lib\libc\sys\chmod.2.Z <-- BSD /.vol/8/bsd-sources/lib/libc/sys chmod.2.Z
99.10.05 17:12 B c:\tmp\bsdsrc\bsd-sources\lib\libc\sys\chown.2.Z <-- BSD /.vol/8/bsd-sources/lib/libc/sys chown.2.Z
99.10.05 17:12 B c:\tmp\bsdsrc\bsd-sources\lib\libc\sys\chroot.2.Z <-- BSD /.vol/8/bsd-sources/lib/libc/sys chroot.2.Z
99.10.05 17:12 B c:\tmp\bsdsrc\bsd-sources\lib\libc\sys\close.2.Z <-- BSD /.vol/8/bsd-sources/lib/libc/sys close.2.Z
99.10.05 17:12 B c:\tmp\bsdsrc\bsd-sources\lib\libc\sys\connect.2.Z <-- BSD /.vol/8/bsd-sources/lib/libc/sys connect.2.Z
99.10.05 17:12 B c:\tmp\bsdsrc\bsd-sources\lib\libc\sys\dup.2.Z <-- BSD /.vol/8/bsd-sources/lib/libc/sys dup.2.Z
99.10.05 17:12 B c:\tmp\bsdsrc\bsd-sources\lib\libc\sys\execve.2.Z <-- BSD /.vol/8/bsd-sources/lib/libc/sys execve.2.Z
99.10.05 17:12 B c:\tmp\bsdsrc\bsd-sources\lib\libc\sys\fcntl.2.Z <-- BSD /.vol/8/bsd-sources/lib/libc/sys fcntl.2.Z
99.10.05 17:12 B c:\tmp\bsdsrc\bsd-sources\lib\libc\sys\flock.2.Z <-- BSD /.vol/8/bsd-sources/lib/libc/sys flock.2.Z
99.10.05 17:12 B c:\tmp\bsdsrc\bsd-sources\lib\libc\sys\fork.2.Z <-- BSD /.vol/8/bsd-sources/lib/libc/sys fork.2.Z
99.10.05 17:12 B c:\tmp\bsdsrc\bsd-sources\lib\libc\sys\fsync.2.Z <-- BSD /.vol/8/bsd-sources/lib/libc/sys fsync.2.Z
99.10.05 17:12 B c:\tmp\bsdsrc\bsd-sources\lib\libc\sys\getdirentries.2.Z <-- BSD /.vol/8/bsd-sources/lib/libc/sys getdirentries.2.Z
99.10.05 17:12 B c:\tmp\bsdsrc\bsd-sources\lib\libc\sys\getdtablesize.2.Z <-- BSD /.vol/8/bsd-sources/lib/libc/sys getdtablesize.2.Z
99.10.05 17:12 B c:\tmp\bsdsrc\bsd-sources\lib\libc\sys\getfh.2.Z <-- BSD /.vol/8/bsd-sources/lib/libc/sys getfh.2.Z
99.10.05 17:12 B c:\tmp\bsdsrc\bsd-sources\lib\libc\sys\getfsstat.2.Z <-- BSD /.vol/8/bsd-sources/lib/libc/sys getfsstat.2.Z
99.10.05 17:12 B c:\tmp\bsdsrc\bsd-sources\lib\libc\sys\getgid.2.Z <-- BSD /.vol/8/bsd-sources/lib/libc/sys getgid.2.Z
99.10.05 17:12 B c:\tmp\bsdsrc\bsd-sources\lib\libc\sys\getgroups.2.Z <-- BSD /.vol/8/bsd-sources/lib/libc/sys getgroups.2.Z
99.10.05 17:12 B c:\tmp\bsdsrc\bsd-sources\lib\libc\sys\gethostid.2.Z <-- BSD /.vol/8/bsd-sources/lib/libc/sys gethostid.2.Z
99.10.05 17:12 B c:\tmp\bsdsrc\bsd-sources\lib\libc\sys\gethostname.2.Z <-- BSD /.vol/8/bsd-sources/lib/libc/sys gethostname.2.Z
99.10.05 17:12 B c:\tmp\bsdsrc\bsd-sources\lib\libc\sys\getitimer.2.Z <-- BSD /.vol/8/bsd-sources/lib/libc/sys getitimer.2.Z
99.10.05 17:12 B c:\tmp\bsdsrc\bsd-sources\lib\libc\sys\getlogin.2.Z <-- BSD /.vol/8/bsd-sources/lib/libc/sys getlogin.2.Z
99.10.05 17:12 B c:\tmp\bsdsrc\bsd-sources\lib\libc\sys\getpagesize.2.Z <-- BSD /.vol/8/bsd-sources/lib/libc/sys getpagesize.2.Z
99.10.05 17:12 B c:\tmp\bsdsrc\bsd-sources\lib\libc\sys\getpeername.2.Z <-- BSD /.vol/8/bsd-sources/lib/libc/sys getpeername.2.Z
99.10.05 17:12 B c:\tmp\bsdsrc\bsd-sources\lib\libc\sys\getpgrp.2.Z <-- BSD /.vol/8/bsd-sources/lib/libc/sys getpgrp.2.Z
99.10.05 17:12 B c:\tmp\bsdsrc\bsd-sources\lib\libc\sys\getpid.2.Z <-- BSD /.vol/8/bsd-sources/lib/libc/sys getpid.2.Z
99.10.05 17:12 B c:\tmp\bsdsrc\bsd-sources\lib\libc\sys\getpriority.2.Z <-- BSD /.vol/8/bsd-sources/lib/libc/sys getpriority.2.Z
99.10.05 17:12 B c:\tmp\bsdsrc\bsd-sources\lib\libc\sys\getrlimit.2.Z <-- BSD /.vol/8/bsd-sources/lib/libc/sys getrlimit.2.Z
99.10.05 17:12 B c:\tmp\bsdsrc\bsd-sources\lib\libc\sys\getrusage.2.Z <-- BSD /.vol/8/bsd-sources/lib/libc/sys getrusage.2.Z
99.10.05 17:12 B c:\tmp\bsdsrc\bsd-sources\lib\libc\sys\getsockname.2.Z <-- BSD /.vol/8/bsd-sources/lib/libc/sys getsockname.2.Z
99.10.05 17:12 B c:\tmp\bsdsrc\bsd-sources\lib\libc\sys\getsockopt.2.Z <-- BSD /.vol/8/bsd-sources/lib/libc/sys getsockopt.2.Z
99.10.05 17:12 B c:\tmp\bsdsrc\bsd-sources\lib\libc\sys\gettimeofday.2.Z <-- BSD /.vol/8/bsd-sources/lib/libc/sys gettimeofday.2.Z
99.10.05 17:12 B c:\tmp\bsdsrc\bsd-sources\lib\libc\sys\getuid.2.Z <-- BSD /.vol/8/bsd-sources/lib/libc/sys getuid.2.Z
99.10.05 17:12 B c:\tmp\bsdsrc\bsd-sources\lib\libc\sys\intro.2.Z <-- BSD /.vol/8/bsd-sources/lib/libc/sys intro.2.Z
99.10.05 17:12 B c:\tmp\bsdsrc\bsd-sources\lib\libc\sys\ioctl.2.Z <-- BSD /.vol/8/bsd-sources/lib/libc/sys ioctl.2.Z
99.10.05 17:12 B c:\tmp\bsdsrc\bsd-sources\lib\libc\sys\kill.2.Z <-- BSD /.vol/8/bsd-sources/lib/libc/sys kill.2.Z
99.10.05 17:12 B c:\tmp\bsdsrc\bsd-sources\lib\libc\sys\link.2.Z <-- BSD /.vol/8/bsd-sources/lib/libc/sys link.2.Z
99.10.05 17:12 B c:\tmp\bsdsrc\bsd-sources\lib\libc\sys\listen.2.Z <-- BSD /.vol/8/bsd-sources/lib/libc/sys listen.2.Z
99.10.05 17:12 B c:\tmp\bsdsrc\bsd-sources\lib\libc\sys\lseek.2.Z <-- BSD /.vol/8/bsd-sources/lib/libc/sys lseek.2.Z
99.10.05 17:12 B c:\tmp\bsdsrc\bsd-sources\lib\libc\sys\madvise.2.Z <-- BSD /.vol/8/bsd-sources/lib/libc/sys madvise.2.Z
99.10.05 17:12 B c:\tmp\bsdsrc\bsd-sources\lib\libc\sys\Makefile.inc.Z <-- BSD /.vol/8/bsd-sources/lib/libc/sys Makefile.inc.Z
99.10.05 17:12 B c:\tmp\bsdsrc\bsd-sources\lib\libc\sys\mincore.2.Z <-- BSD /.vol/8/bsd-sources/lib/libc/sys mincore.2.Z
99.10.05 17:12 B c:\tmp\bsdsrc\bsd-sources\lib\libc\sys\mkdir.2.Z <-- BSD /.vol/8/bsd-sources/lib/libc/sys mkdir.2.Z
99.10.05 17:12 B c:\tmp\bsdsrc\bsd-sources\lib\libc\sys\mkfifo.2.Z <-- BSD /.vol/8/bsd-sources/lib/libc/sys mkfifo.2.Z
99.10.05 17:13 B c:\tmp\bsdsrc\bsd-sources\lib\libc\sys\mknod.2.Z <-- BSD /.vol/8/bsd-sources/lib/libc/sys mknod.2.Z
99.10.05 17:13 B c:\tmp\bsdsrc\bsd-sources\lib\libc\sys\mmap.2.Z <-- BSD /.vol/8/bsd-sources/lib/libc/sys mmap.2.Z
99.10.05 17:13 B c:\tmp\bsdsrc\bsd-sources\lib\libc\sys\mount.2.Z <-- BSD /.vol/8/bsd-sources/lib/libc/sys mount.2.Z
99.10.05 17:13 B c:\tmp\bsdsrc\bsd-sources\lib\libc\sys\mprotect.2.Z <-- BSD /.vol/8/bsd-sources/lib/libc/sys mprotect.2.Z
99.10.05 17:13 B c:\tmp\bsdsrc\bsd-sources\lib\libc\sys\msync.2.Z <-- BSD /.vol/8/bsd-sources/lib/libc/sys msync.2.Z
99.10.05 17:13 B c:\tmp\bsdsrc\bsd-sources\lib\libc\sys\munmap.2.Z <-- BSD /.vol/8/bsd-sources/lib/libc/sys munmap.2.Z
99.10.05 17:13 B c:\tmp\bsdsrc\bsd-sources\lib\libc\sys\nfssvc.2.Z <-- BSD /.vol/8/bsd-sources/lib/libc/sys nfssvc.2.Z
99.10.05 17:13 B c:\tmp\bsdsrc\bsd-sources\lib\libc\sys\open.2.Z <-- BSD /.vol/8/bsd-sources/lib/libc/sys open.2.Z
99.10.05 17:13 B c:\tmp\bsdsrc\bsd-sources\lib\libc\sys\pipe.2.Z <-- BSD /.vol/8/bsd-sources/lib/libc/sys pipe.2.Z
99.10.05 17:13 B c:\tmp\bsdsrc\bsd-sources\lib\libc\sys\quotactl.2.Z <-- BSD /.vol/8/bsd-sources/lib/libc/sys quotactl.2.Z
99.10.05 17:13 B c:\tmp\bsdsrc\bsd-sources\lib\libc\sys\read.2.Z <-- BSD /.vol/8/bsd-sources/lib/libc/sys read.2.Z
99.10.05 17:13 B c:\tmp\bsdsrc\bsd-sources\lib\libc\sys\readlink.2.Z <-- BSD /.vol/8/bsd-sources/lib/libc/sys readlink.2.Z
99.10.05 17:13 B c:\tmp\bsdsrc\bsd-sources\lib\libc\sys\reboot.2.Z <-- BSD /.vol/8/bsd-sources/lib/libc/sys reboot.2.Z
99.10.05 17:13 B c:\tmp\bsdsrc\bsd-sources\lib\libc\sys\recv.2.Z <-- BSD /.vol/8/bsd-sources/lib/libc/sys recv.2.Z
99.10.05 17:13 B c:\tmp\bsdsrc\bsd-sources\lib\libc\sys\rename.2.Z <-- BSD /.vol/8/bsd-sources/lib/libc/sys rename.2.Z
99.10.05 17:13 B c:\tmp\bsdsrc\bsd-sources\lib\libc\sys\rmdir.2.Z <-- BSD /.vol/8/bsd-sources/lib/libc/sys rmdir.2.Z
99.10.05 17:13 B c:\tmp\bsdsrc\bsd-sources\lib\libc\sys\select.2.Z <-- BSD /.vol/8/bsd-sources/lib/libc/sys select.2.Z
99.10.05 17:13 B c:\tmp\bsdsrc\bsd-sources\lib\libc\sys\send.2.Z <-- BSD /.vol/8/bsd-sources/lib/libc/sys send.2.Z
99.10.05 17:13 B c:\tmp\bsdsrc\bsd-sources\lib\libc\sys\setgroups.2.Z <-- BSD /.vol/8/bsd-sources/lib/libc/sys setgroups.2.Z
99.10.05 17:13 B c:\tmp\bsdsrc\bsd-sources\lib\libc\sys\setpgid.2.Z <-- BSD /.vol/8/bsd-sources/lib/libc/sys setpgid.2.Z
99.10.05 17:13 B c:\tmp\bsdsrc\bsd-sources\lib\libc\sys\setregid.2.Z <-- BSD /.vol/8/bsd-sources/lib/libc/sys setregid.2.Z
99.10.05 17:13 B c:\tmp\bsdsrc\bsd-sources\lib\libc\sys\setreuid.2.Z <-- BSD /.vol/8/bsd-sources/lib/libc/sys setreuid.2.Z
99.10.05 17:13 B c:\tmp\bsdsrc\bsd-sources\lib\libc\sys\shutdown.2.Z <-- BSD /.vol/8/bsd-sources/lib/libc/sys shutdown.2.Z
99.10.05 17:13 B c:\tmp\bsdsrc\bsd-sources\lib\libc\sys\sigaction.2.Z <-- BSD /.vol/8/bsd-sources/lib/libc/sys sigaction.2.Z
99.10.05 17:13 B c:\tmp\bsdsrc\bsd-sources\lib\libc\sys\sigprocmask.2.Z <-- BSD /.vol/8/bsd-sources/lib/libc/sys sigprocmask.2.Z
99.10.05 17:13 B c:\tmp\bsdsrc\bsd-sources\lib\libc\sys\sigreturn.2.Z <-- BSD /.vol/8/bsd-sources/lib/libc/sys sigreturn.2.Z
99.10.05 17:13 B c:\tmp\bsdsrc\bsd-sources\lib\libc\sys\sigstack.2.Z <-- BSD /.vol/8/bsd-sources/lib/libc/sys sigstack.2.Z
99.10.05 17:13 B c:\tmp\bsdsrc\bsd-sources\lib\libc\sys\sigsuspend.2.Z <-- BSD /.vol/8/bsd-sources/lib/libc/sys sigsuspend.2.Z
99.10.05 17:13 B c:\tmp\bsdsrc\bsd-sources\lib\libc\sys\socket.2.Z <-- BSD /.vol/8/bsd-sources/lib/libc/sys socket.2.Z
99.10.05 17:13 B c:\tmp\bsdsrc\bsd-sources\lib\libc\sys\socketpair.2.Z <-- BSD /.vol/8/bsd-sources/lib/libc/sys socketpair.2.Z
99.10.05 17:13 B c:\tmp\bsdsrc\bsd-sources\lib\libc\sys\stat.2.Z <-- BSD /.vol/8/bsd-sources/lib/libc/sys stat.2.Z
99.10.05 17:13 B c:\tmp\bsdsrc\bsd-sources\lib\libc\sys\statfs.2.Z <-- BSD /.vol/8/bsd-sources/lib/libc/sys statfs.2.Z
99.10.05 17:13 B c:\tmp\bsdsrc\bsd-sources\lib\libc\sys\swapon.2.Z <-- BSD /.vol/8/bsd-sources/lib/libc/sys swapon.2.Z
99.10.05 17:13 B c:\tmp\bsdsrc\bsd-sources\lib\libc\sys\symlink.2.Z <-- BSD /.vol/8/bsd-sources/lib/libc/sys symlink.2.Z
99.10.05 17:13 B c:\tmp\bsdsrc\bsd-sources\lib\libc\sys\sync.2.Z <-- BSD /.vol/8/bsd-sources/lib/libc/sys sync.2.Z
99.10.05 17:13 B c:\tmp\bsdsrc\bsd-sources\lib\libc\sys\syscall.2.Z <-- BSD /.vol/8/bsd-sources/lib/libc/sys syscall.2.Z
99.10.05 17:13 B c:\tmp\bsdsrc\bsd-sources\lib\libc\sys\truncate.2.Z <-- BSD /.vol/8/bsd-sources/lib/libc/sys truncate.2.Z
99.10.05 17:13 B c:\tmp\bsdsrc\bsd-sources\lib\libc\sys\umask.2.Z <-- BSD /.vol/8/bsd-sources/lib/libc/sys umask.2.Z
99.10.05 17:13 B c:\tmp\bsdsrc\bsd-sources\lib\libc\sys\unlink.2.Z <-- BSD /.vol/8/bsd-sources/lib/libc/sys unlink.2.Z
99.10.05 17:13 B c:\tmp\bsdsrc\bsd-sources\lib\libc\sys\utimes.2.Z <-- BSD /.vol/8/bsd-sources/lib/libc/sys utimes.2.Z
99.10.05 17:13 B c:\tmp\bsdsrc\bsd-sources\lib\libc\sys\vfork.2.Z <-- BSD /.vol/8/bsd-sources/lib/libc/sys vfork.2.Z
99.10.05 17:13 B c:\tmp\bsdsrc\bsd-sources\lib\libc\sys\wait.2.Z <-- BSD /.vol/8/bsd-sources/lib/libc/sys wait.2.Z
99.10.05 17:13 B c:\tmp\bsdsrc\bsd-sources\lib\libc\sys\write.2.Z <-- BSD /.vol/8/bsd-sources/lib/libc/sys write.2.Z
