99.10.05 17:09 B c:\tmp\bsdsrc\bsd-sources\lib\libc\stdlib\abort.3.Z <-- BSD /.vol/8/bsd-sources/lib/libc/stdlib abort.3.Z
99.10.05 17:09 B c:\tmp\bsdsrc\bsd-sources\lib\libc\stdlib\abort.c.Z <-- BSD /.vol/8/bsd-sources/lib/libc/stdlib abort.c.Z
99.10.05 17:09 B c:\tmp\bsdsrc\bsd-sources\lib\libc\stdlib\abs.3.Z <-- BSD /.vol/8/bsd-sources/lib/libc/stdlib abs.3.Z
99.10.05 17:09 B c:\tmp\bsdsrc\bsd-sources\lib\libc\stdlib\abs.c.Z <-- BSD /.vol/8/bsd-sources/lib/libc/stdlib abs.c.Z
99.10.05 17:09 B c:\tmp\bsdsrc\bsd-sources\lib\libc\stdlib\alloca.3.Z <-- BSD /.vol/8/bsd-sources/lib/libc/stdlib alloca.3.Z
99.10.05 17:09 B c:\tmp\bsdsrc\bsd-sources\lib\libc\stdlib\atexit.3.Z <-- BSD /.vol/8/bsd-sources/lib/libc/stdlib atexit.3.Z
99.10.05 17:09 B c:\tmp\bsdsrc\bsd-sources\lib\libc\stdlib\atexit.c.Z <-- BSD /.vol/8/bsd-sources/lib/libc/stdlib atexit.c.Z
99.10.05 17:09 B c:\tmp\bsdsrc\bsd-sources\lib\libc\stdlib\atexit.h.Z <-- BSD /.vol/8/bsd-sources/lib/libc/stdlib atexit.h.Z
99.10.05 17:09 B c:\tmp\bsdsrc\bsd-sources\lib\libc\stdlib\atof.3.Z <-- BSD /.vol/8/bsd-sources/lib/libc/stdlib atof.3.Z
99.10.05 17:09 B c:\tmp\bsdsrc\bsd-sources\lib\libc\stdlib\atof.c.Z <-- BSD /.vol/8/bsd-sources/lib/libc/stdlib atof.c.Z
99.10.05 17:09 B c:\tmp\bsdsrc\bsd-sources\lib\libc\stdlib\atoi.3.Z <-- BSD /.vol/8/bsd-sources/lib/libc/stdlib atoi.3.Z
99.10.05 17:09 B c:\tmp\bsdsrc\bsd-sources\lib\libc\stdlib\atoi.c.Z <-- BSD /.vol/8/bsd-sources/lib/libc/stdlib atoi.c.Z
99.10.05 17:09 B c:\tmp\bsdsrc\bsd-sources\lib\libc\stdlib\atol.3.Z <-- BSD /.vol/8/bsd-sources/lib/libc/stdlib atol.3.Z
99.10.05 17:09 B c:\tmp\bsdsrc\bsd-sources\lib\libc\stdlib\atol.c.Z <-- BSD /.vol/8/bsd-sources/lib/libc/stdlib atol.c.Z
99.10.05 17:09 B c:\tmp\bsdsrc\bsd-sources\lib\libc\stdlib\bsearch.3.Z <-- BSD /.vol/8/bsd-sources/lib/libc/stdlib bsearch.3.Z
99.10.05 17:09 B c:\tmp\bsdsrc\bsd-sources\lib\libc\stdlib\bsearch.c.Z <-- BSD /.vol/8/bsd-sources/lib/libc/stdlib bsearch.c.Z
99.10.05 17:10 B c:\tmp\bsdsrc\bsd-sources\lib\libc\stdlib\calloc.3.Z <-- BSD /.vol/8/bsd-sources/lib/libc/stdlib calloc.3.Z
99.10.05 17:10 B c:\tmp\bsdsrc\bsd-sources\lib\libc\stdlib\calloc.c.Z <-- BSD /.vol/8/bsd-sources/lib/libc/stdlib calloc.c.Z
99.10.05 17:10 B c:\tmp\bsdsrc\bsd-sources\lib\libc\stdlib\div.3.Z <-- BSD /.vol/8/bsd-sources/lib/libc/stdlib div.3.Z
99.10.05 17:10 B c:\tmp\bsdsrc\bsd-sources\lib\libc\stdlib\div.c.Z <-- BSD /.vol/8/bsd-sources/lib/libc/stdlib div.c.Z
99.10.05 17:10 B c:\tmp\bsdsrc\bsd-sources\lib\libc\stdlib\exit.3.Z <-- BSD /.vol/8/bsd-sources/lib/libc/stdlib exit.3.Z
99.10.05 17:10 B c:\tmp\bsdsrc\bsd-sources\lib\libc\stdlib\exit.c.Z <-- BSD /.vol/8/bsd-sources/lib/libc/stdlib exit.c.Z
99.10.05 17:10 B c:\tmp\bsdsrc\bsd-sources\lib\libc\stdlib\free.3.Z <-- BSD /.vol/8/bsd-sources/lib/libc/stdlib free.3.Z
99.10.05 17:10 B c:\tmp\bsdsrc\bsd-sources\lib\libc\stdlib\getenv.3.Z <-- BSD /.vol/8/bsd-sources/lib/libc/stdlib getenv.3.Z
99.10.05 17:10 B c:\tmp\bsdsrc\bsd-sources\lib\libc\stdlib\getenv.c.Z <-- BSD /.vol/8/bsd-sources/lib/libc/stdlib getenv.c.Z
99.10.05 17:10 B c:\tmp\bsdsrc\bsd-sources\lib\libc\stdlib\getopt.3.Z <-- BSD /.vol/8/bsd-sources/lib/libc/stdlib getopt.3.Z
99.10.05 17:10 B c:\tmp\bsdsrc\bsd-sources\lib\libc\stdlib\getopt.c.Z <-- BSD /.vol/8/bsd-sources/lib/libc/stdlib getopt.c.Z
99.10.05 17:10 B c:\tmp\bsdsrc\bsd-sources\lib\libc\stdlib\heapsort.c.Z <-- BSD /.vol/8/bsd-sources/lib/libc/stdlib heapsort.c.Z
99.10.05 17:10 B c:\tmp\bsdsrc\bsd-sources\lib\libc\stdlib\labs.3.Z <-- BSD /.vol/8/bsd-sources/lib/libc/stdlib labs.3.Z
99.10.05 17:10 B c:\tmp\bsdsrc\bsd-sources\lib\libc\stdlib\labs.c.Z <-- BSD /.vol/8/bsd-sources/lib/libc/stdlib labs.c.Z
99.10.05 17:10 B c:\tmp\bsdsrc\bsd-sources\lib\libc\stdlib\ldiv.3.Z <-- BSD /.vol/8/bsd-sources/lib/libc/stdlib ldiv.3.Z
99.10.05 17:10 B c:\tmp\bsdsrc\bsd-sources\lib\libc\stdlib\ldiv.c.Z <-- BSD /.vol/8/bsd-sources/lib/libc/stdlib ldiv.c.Z
99.10.05 17:10 B c:\tmp\bsdsrc\bsd-sources\lib\libc\stdlib\Makefile.inc.Z <-- BSD /.vol/8/bsd-sources/lib/libc/stdlib Makefile.inc.Z
99.10.05 17:10 B c:\tmp\bsdsrc\bsd-sources\lib\libc\stdlib\malloc.3.Z <-- BSD /.vol/8/bsd-sources/lib/libc/stdlib malloc.3.Z
99.10.05 17:10 B c:\tmp\bsdsrc\bsd-sources\lib\libc\stdlib\malloc.c.Z <-- BSD /.vol/8/bsd-sources/lib/libc/stdlib malloc.c.Z
99.10.05 17:10 B c:\tmp\bsdsrc\bsd-sources\lib\libc\stdlib\memory.3.Z <-- BSD /.vol/8/bsd-sources/lib/libc/stdlib memory.3.Z
99.10.05 17:10 B c:\tmp\bsdsrc\bsd-sources\lib\libc\stdlib\multibyte.c.Z <-- BSD /.vol/8/bsd-sources/lib/libc/stdlib multibyte.c.Z
99.10.05 17:10 B c:\tmp\bsdsrc\bsd-sources\lib\libc\stdlib\putenv.c.Z <-- BSD /.vol/8/bsd-sources/lib/libc/stdlib putenv.c.Z
99.10.05 17:10 B c:\tmp\bsdsrc\bsd-sources\lib\libc\stdlib\qsort.3.Z <-- BSD /.vol/8/bsd-sources/lib/libc/stdlib qsort.3.Z
99.10.05 17:10 B c:\tmp\bsdsrc\bsd-sources\lib\libc\stdlib\qsort.c.Z <-- BSD /.vol/8/bsd-sources/lib/libc/stdlib qsort.c.Z
99.10.05 17:10 B c:\tmp\bsdsrc\bsd-sources\lib\libc\stdlib\radixsort.3.Z <-- BSD /.vol/8/bsd-sources/lib/libc/stdlib radixsort.3.Z
99.10.05 17:10 B c:\tmp\bsdsrc\bsd-sources\lib\libc\stdlib\radixsort.c.Z <-- BSD /.vol/8/bsd-sources/lib/libc/stdlib radixsort.c.Z
99.10.05 17:10 B c:\tmp\bsdsrc\bsd-sources\lib\libc\stdlib\rand.3.Z <-- BSD /.vol/8/bsd-sources/lib/libc/stdlib rand.3.Z
99.10.05 17:10 B c:\tmp\bsdsrc\bsd-sources\lib\libc\stdlib\rand.c.Z <-- BSD /.vol/8/bsd-sources/lib/libc/stdlib rand.c.Z
99.10.05 17:10 B c:\tmp\bsdsrc\bsd-sources\lib\libc\stdlib\random.3.Z <-- BSD /.vol/8/bsd-sources/lib/libc/stdlib random.3.Z
99.10.05 17:10 B c:\tmp\bsdsrc\bsd-sources\lib\libc\stdlib\random.c.Z <-- BSD /.vol/8/bsd-sources/lib/libc/stdlib random.c.Z
99.10.05 17:10 B c:\tmp\bsdsrc\bsd-sources\lib\libc\stdlib\realloc.3.Z <-- BSD /.vol/8/bsd-sources/lib/libc/stdlib realloc.3.Z
99.10.05 17:10 B c:\tmp\bsdsrc\bsd-sources\lib\libc\stdlib\setenv.c.Z <-- BSD /.vol/8/bsd-sources/lib/libc/stdlib setenv.c.Z
99.10.05 17:10 B c:\tmp\bsdsrc\bsd-sources\lib\libc\stdlib\strtod.3.Z <-- BSD /.vol/8/bsd-sources/lib/libc/stdlib strtod.3.Z
99.10.05 17:10 B c:\tmp\bsdsrc\bsd-sources\lib\libc\stdlib\strtod.c.Z <-- BSD /.vol/8/bsd-sources/lib/libc/stdlib strtod.c.Z
99.10.05 17:10 B c:\tmp\bsdsrc\bsd-sources\lib\libc\stdlib\strtol.3.Z <-- BSD /.vol/8/bsd-sources/lib/libc/stdlib strtol.3.Z
99.10.05 17:10 B c:\tmp\bsdsrc\bsd-sources\lib\libc\stdlib\strtol.c.Z <-- BSD /.vol/8/bsd-sources/lib/libc/stdlib strtol.c.Z
99.10.05 17:10 B c:\tmp\bsdsrc\bsd-sources\lib\libc\stdlib\strtoq.c.Z <-- BSD /.vol/8/bsd-sources/lib/libc/stdlib strtoq.c.Z
99.10.05 17:10 B c:\tmp\bsdsrc\bsd-sources\lib\libc\stdlib\strtoul.3.Z <-- BSD /.vol/8/bsd-sources/lib/libc/stdlib strtoul.3.Z
99.10.05 17:10 B c:\tmp\bsdsrc\bsd-sources\lib\libc\stdlib\strtoul.c.Z <-- BSD /.vol/8/bsd-sources/lib/libc/stdlib strtoul.c.Z
99.10.05 17:10 B c:\tmp\bsdsrc\bsd-sources\lib\libc\stdlib\strtouq.c.Z <-- BSD /.vol/8/bsd-sources/lib/libc/stdlib strtouq.c.Z
99.10.05 17:10 B c:\tmp\bsdsrc\bsd-sources\lib\libc\stdlib\system.3.Z <-- BSD /.vol/8/bsd-sources/lib/libc/stdlib system.3.Z
99.10.05 17:10 B c:\tmp\bsdsrc\bsd-sources\lib\libc\stdlib\system.c.Z <-- BSD /.vol/8/bsd-sources/lib/libc/stdlib system.c.Z
